Urban Form Models 	 Clackamas.RData 
Urban Form Models 	 Multnomah.RData 
Urban Form Models 	 Washington.RData 
Accessibility Models 	 ArtLnMiCap.Ma.RData 
Accessibility Models 	 FwyLnMiCap.Ma.RData 
Accessibility Models 	 Inc.CoDt.RData 
Accessibility Models 	 Pop.CoDt.RData 
Accessibility Models 	 TranRevMiCap.Ma.RData 
Vehicle Models 	 BusRevMi.Ma.RData 
Vehicle Models 	 RailRevMi.Ma.RData 
Accessibility Models 	 ArtLnMiCap.Ma.RData 
Accessibility Models 	 BusRevMi.Ma.RData 
Accessibility Models 	 FwyLnMiCap.Ma.RData 
Accessibility Models 	 Inc.CoDt.RData 
Accessibility Models 	 Pop.CoDt.RData 
Accessibility Models 	 RailRevMi.Ma.RData 
Accessibility Models 	 TranRevMiCap.Ma.RData 
Accessibility Models 	 ArtLnMiCap.Ma.RData 
Accessibility Models 	 BusRevMi.Ma.RData 
Accessibility Models 	 FwyLnMiCap.Ma.RData 
Accessibility Models 	 Inc.CoDt.RData 
Accessibility Models 	 Pop.CoDt.RData 
Accessibility Models 	 TranRevMiCap.Ma.RData 
Vehicle Models 	 RailRevMi.Ma.RData 
